<?xml version="1.0" encoding="UTF-8"?>
<testsuite xmlns:xsi="http://www.w3.org/2001/XMLSchema-instance" xsi:noNamespaceSchemaLocation="https://maven.apache.org/surefire/maven-surefire-plugin/xsd/surefire-test-report.xsd" name="org.nctrc.backend.managers.UserManagerTest" time="0.002" tests="5" errors="0" skipped="0" failures="0">
  <properties>
    <property name="sun.desktop" value="windows"/>
    <property name="awt.toolkit" value="sun.awt.windows.WToolkit"/>
    <property name="java.specification.version" value="12"/>
    <property name="sun.cpu.isalist" value="amd64"/>
    <property name="sun.jnu.encoding" value="Cp1252"/>
    <property name="java.class.path" value="C:\Users\Itai\Desktop\Programming\NCTRC\NCTRC\backend\target\test-classes;C:\Users\Itai\Desktop\Programming\NCTRC\NCTRC\backend\target\classes;C:\Users\Itai\.m2\repository\com\google\inject\guice\4.2.2\guice-4.2.2.jar;C:\Users\Itai\.m2\repository\javax\inject\javax.inject\1\javax.inject-1.jar;C:\Users\Itai\.m2\repository\aopalliance\aopalliance\1.0\aopalliance-1.0.jar;C:\Users\Itai\.m2\repository\com\google\guava\guava\25.1-android\guava-25.1-android.jar;C:\Users\Itai\.m2\repository\com\google\code\findbugs\jsr305\3.0.2\jsr305-3.0.2.jar;C:\Users\Itai\.m2\repository\org\checkerframework\checker-compat-qual\2.0.0\checker-compat-qual-2.0.0.jar;C:\Users\Itai\.m2\repository\com\google\errorprone\error_prone_annotations\2.1.3\error_prone_annotations-2.1.3.jar;C:\Users\Itai\.m2\repository\com\google\j2objc\j2objc-annotations\1.1\j2objc-annotations-1.1.jar;C:\Users\Itai\.m2\repository\org\codehaus\mojo\animal-sniffer-annotations\1.14\animal-sniffer-annotations-1.14.jar;C:\Users\Itai\.m2\repository\com\google\inject\extensions\guice-multibindings\4.2.2\guice-multibindings-4.2.2.jar;C:\Users\Itai\.m2\repository\com\google\googlejavaformat\google-java-format\1.9\google-java-format-1.9.jar;C:\Users\Itai\.m2\repository\org\junit\jupiter\junit-jupiter-engine\5.2.0\junit-jupiter-engine-5.2.0.jar;C:\Users\Itai\.m2\repository\org\apiguardian\apiguardian-api\1.0.0\apiguardian-api-1.0.0.jar;C:\Users\Itai\.m2\repository\org\junit\platform\junit-platform-engine\1.2.0\junit-platform-engine-1.2.0.jar;C:\Users\Itai\.m2\repository\org\junit\platform\junit-platform-commons\1.2.0\junit-platform-commons-1.2.0.jar;C:\Users\Itai\.m2\repository\org\opentest4j\opentest4j\1.1.0\opentest4j-1.1.0.jar;C:\Users\Itai\.m2\repository\org\junit\jupiter\junit-jupiter-api\5.2.0\junit-jupiter-api-5.2.0.jar;C:\Users\Itai\.m2\repository\org\junit\platform\junit-platform-runner\1.2.0\junit-platform-runner-1.2.0.jar;C:\Users\Itai\.m2\repository\org\junit\platform\junit-platform-launcher\1.2.0\junit-platform-launcher-1.2.0.jar;C:\Users\Itai\.m2\repository\org\junit\platform\junit-platform-suite-api\1.2.0\junit-platform-suite-api-1.2.0.jar;C:\Users\Itai\.m2\repository\junit\junit\4.12\junit-4.12.jar;C:\Users\Itai\.m2\repository\org\hamcrest\hamcrest-core\1.3\hamcrest-core-1.3.jar;C:\Users\Itai\.m2\repository\io\javalin\javalin-openapi\3.9.0\javalin-openapi-3.9.0.jar;C:\Users\Itai\.m2\repository\com\fasterxml\jackson\module\jackson-module-kotlin\2.10.3\jackson-module-kotlin-2.10.3.jar;C:\Users\Itai\.m2\repository\org\jetbrains\kotlin\kotlin-reflect\1.3.61\kotlin-reflect-1.3.61.jar;C:\Users\Itai\.m2\repository\io\swagger\core\v3\swagger-models\2.1.2\swagger-models-2.1.2.jar;C:\Users\Itai\.m2\repository\io\swagger\parser\v3\swagger-parser\2.0.19\swagger-parser-2.0.19.jar;C:\Users\Itai\.m2\repository\io\swagger\parser\v3\swagger-parser-v2-converter\2.0.19\swagger-parser-v2-converter-2.0.19.jar;C:\Users\Itai\.m2\repository\io\swagger\swagger-core\1.6.1\swagger-core-1.6.1.jar;C:\Users\Itai\.m2\repository\io\swagger\swagger-models\1.6.1\swagger-models-1.6.1.jar;C:\Users\Itai\.m2\repository\io\swagger\swagger-annotations\1.6.1\swagger-annotations-1.6.1.jar;C:\Users\Itai\.m2\repository\io\swagger\swagger-parser\1.0.50\swagger-parser-1.0.50.jar;C:\Users\Itai\.m2\repository\io\swagger\swagger-compat-spec-parser\1.0.50\swagger-compat-spec-parser-1.0.50.jar;C:\Users\Itai\.m2\repository\com\github\java-json-tools\json-schema-validator\2.2.8\json-schema-validator-2.2.8.jar;C:\Users\Itai\.m2\repository\com\github\java-json-tools\json-schema-core\1.2.8\json-schema-core-1.2.8.jar;C:\Users\Itai\.m2\repository\org\mozilla\rhino\1.7R4\rhino-1.7R4.jar;C:\Users\Itai\.m2\repository\com\github\fge\uri-template\0.9\uri-template-0.9.jar;C:\Users\Itai\.m2\repository\javax\mail\mailapi\1.4.3\mailapi-1.4.3.jar;C:\Users\Itai\.m2\repository\com\googlecode\libphonenumber\libphonenumber\8.0.0\libphonenumber-8.0.0.jar;C:\Users\Itai\.m2\repository\net\sf\jopt-simple\jopt-simple\5.0.3\jopt-simple-5.0.3.jar;C:\Users\Itai\.m2\repository\com\github\fge\json-patch\1.6\json-patch-1.6.jar;C:\Users\Itai\.m2\repository\com\github\fge\jackson-coreutils\1.6\jackson-coreutils-1.6.jar;C:\Users\Itai\.m2\repository\com\github\fge\msg-simple\1.1\msg-simple-1.1.jar;C:\Users\Itai\.m2\repository\com\github\fge\btf\1.2\btf-1.2.jar;C:\Users\Itai\.m2\repository\io\swagger\parser\v3\swagger-parser-core\2.0.19\swagger-parser-core-2.0.19.jar;C:\Users\Itai\.m2\repository\io\swagger\parser\v3\swagger-parser-v3\2.0.19\swagger-parser-v3-2.0.19.jar;C:\Users\Itai\.m2\repository\com\fasterxml\jackson\dataformat\jackson-dataformat-yaml\2.10.2\jackson-dataformat-yaml-2.10.2.jar;C:\Users\Itai\.m2\repository\org\yaml\snakeyaml\1.24\snakeyaml-1.24.jar;C:\Users\Itai\.m2\repository\org\slf4j\slf4j-ext\1.7.30\slf4j-ext-1.7.30.jar;C:\Users\Itai\.m2\repository\org\webjars\npm\redoc\2.0.0-rc.23\redoc-2.0.0-rc.23.jar;C:\Users\Itai\.m2\repository\org\webjars\swagger-ui\3.25.2\swagger-ui-3.25.2.jar;C:\Users\Itai\.m2\repository\io\github\classgraph\classgraph\4.8.66\classgraph-4.8.66.jar;C:\Users\Itai\.m2\repository\cc\vileda\kotlin-openapi3-dsl\0.20.2\kotlin-openapi3-dsl-0.20.2.jar;C:\Users\Itai\.m2\repository\com\fasterxml\jackson\module\jackson-module-jsonSchema\2.9.9\jackson-module-jsonSchema-2.9.9.jar;C:\Users\Itai\.m2\repository\javax\validation\validation-api\1.1.0.Final\validation-api-1.1.0.Final.jar;C:\Users\Itai\.m2\repository\com\fasterxml\jackson\datatype\jackson-datatype-json-org\2.9.9\jackson-datatype-json-org-2.9.9.jar;C:\Users\Itai\.m2\repository\org\json\json\20171018\json-20171018.jar;C:\Users\Itai\.m2\repository\com\reprezen\kaizen\openapi-parser\4.0.4\openapi-parser-4.0.4.jar;C:\Users\Itai\.m2\repository\com\reprezen\jsonoverlay\jsonoverlay\4.0.4\jsonoverlay-4.0.4.jar;C:\Users\Itai\.m2\repository\javax\mail\javax.mail-api\1.6.1\javax.mail-api-1.6.1.jar;C:\Users\Itai\.m2\repository\javax\activation\activation\1.1\activation-1.1.jar;C:\Users\Itai\.m2\repository\com\sun\mail\javax.mail\1.6.1\javax.mail-1.6.1.jar;C:\Users\Itai\.m2\repository\io\swagger\core\v3\swagger-core\2.0.8\swagger-core-2.0.8.jar;C:\Users\Itai\.m2\repository\javax\xml\bind\jaxb-api\2.3.0\jaxb-api-2.3.0.jar;C:\Users\Itai\.m2\repository\io\swagger\core\v3\swagger-annotations\2.0.8\swagger-annotations-2.0.8.jar;C:\Users\Itai\.m2\repository\org\jetbrains\kotlin\kotlin-stdlib-jdk8\1.3.71\kotlin-stdlib-jdk8-1.3.71.jar;C:\Users\Itai\.m2\repository\org\jetbrains\kotlin\kotlin-stdlib-jdk7\1.3.71\kotlin-stdlib-jdk7-1.3.71.jar;C:\Users\Itai\.m2\repository\io\javalin\javalin\3.10.1\javalin-3.10.1.jar;C:\Users\Itai\.m2\repository\org\slf4j\slf4j-api\1.7.30\slf4j-api-1.7.30.jar;C:\Users\Itai\.m2\repository\org\eclipse\jetty\jetty-server\9.4.31.v20200723\jetty-server-9.4.31.v20200723.jar;C:\Users\Itai\.m2\repository\javax\servlet\javax.servlet-api\3.1.0\javax.servlet-api-3.1.0.jar;C:\Users\Itai\.m2\repository\org\eclipse\jetty\jetty-http\9.4.31.v20200723\jetty-http-9.4.31.v20200723.jar;C:\Users\Itai\.m2\repository\org\eclipse\jetty\jetty-util\9.4.31.v20200723\jetty-util-9.4.31.v20200723.jar;C:\Users\Itai\.m2\repository\org\eclipse\jetty\jetty-io\9.4.31.v20200723\jetty-io-9.4.31.v20200723.jar;C:\Users\Itai\.m2\repository\org\eclipse\jetty\jetty-webapp\9.4.31.v20200723\jetty-webapp-9.4.31.v20200723.jar;C:\Users\Itai\.m2\repository\org\eclipse\jetty\jetty-xml\9.4.31.v20200723\jetty-xml-9.4.31.v20200723.jar;C:\Users\Itai\.m2\repository\org\eclipse\jetty\jetty-servlet\9.4.31.v20200723\jetty-servlet-9.4.31.v20200723.jar;C:\Users\Itai\.m2\repository\org\eclipse\jetty\jetty-security\9.4.31.v20200723\jetty-security-9.4.31.v20200723.jar;C:\Users\Itai\.m2\repository\org\eclipse\jetty\websocket\websocket-server\9.4.31.v20200723\websocket-server-9.4.31.v20200723.jar;C:\Users\Itai\.m2\repository\org\eclipse\jetty\websocket\websocket-common\9.4.31.v20200723\websocket-common-9.4.31.v20200723.jar;C:\Users\Itai\.m2\repository\org\eclipse\jetty\websocket\websocket-api\9.4.31.v20200723\websocket-api-9.4.31.v20200723.jar;C:\Users\Itai\.m2\repository\org\eclipse\jetty\websocket\websocket-client\9.4.31.v20200723\websocket-client-9.4.31.v20200723.jar;C:\Users\Itai\.m2\repository\org\eclipse\jetty\jetty-client\9.4.31.v20200723\jetty-client-9.4.31.v20200723.jar;C:\Users\Itai\.m2\repository\org\eclipse\jetty\websocket\websocket-servlet\9.4.31.v20200723\websocket-servlet-9.4.31.v20200723.jar;C:\Users\Itai\.m2\repository\org\slf4j\slf4j-simple\1.7.30\slf4j-simple-1.7.30.jar;C:\Users\Itai\.m2\repository\com\squareup\okhttp3\okhttp\4.3.0\okhttp-4.3.0.jar;C:\Users\Itai\.m2\repository\com\squareup\okio\okio\2.4.1\okio-2.4.1.jar;C:\Users\Itai\.m2\repository\org\jetbrains\kotlin\kotlin-stdlib-common\1.3.50\kotlin-stdlib-common-1.3.50.jar;C:\Users\Itai\.m2\repository\org\jetbrains\kotlin\kotlin-stdlib\1.3.61\kotlin-stdlib-1.3.61.jar;C:\Users\Itai\.m2\repository\org\jetbrains\annotations\13.0\annotations-13.0.jar;C:\Users\Itai\.m2\repository\com\squareup\moshi\moshi-adapters\1.9.2\moshi-adapters-1.9.2.jar;C:\Users\Itai\.m2\repository\com\squareup\moshi\moshi\1.9.2\moshi-1.9.2.jar;C:\Users\Itai\.m2\repository\com\fasterxml\jackson\core\jackson-databind\2.10.1\jackson-databind-2.10.1.jar;C:\Users\Itai\.m2\repository\com\fasterxml\jackson\core\jackson-annotations\2.10.1\jackson-annotations-2.10.1.jar;C:\Users\Itai\.m2\repository\com\fasterxml\jackson\core\jackson-core\2.10.1\jackson-core-2.10.1.jar;C:\Users\Itai\.m2\repository\org\apache\maven\plugins\maven-shade-plugin\3.2.4\maven-shade-plugin-3.2.4.jar;C:\Users\Itai\.m2\repository\org\apache\maven\maven-plugin-api\3.0\maven-plugin-api-3.0.jar;C:\Users\Itai\.m2\repository\org\sonatype\sisu\sisu-inject-plexus\1.4.2\sisu-inject-plexus-1.4.2.jar;C:\Users\Itai\.m2\repository\org\sonatype\sisu\sisu-inject-bean\1.4.2\sisu-inject-bean-1.4.2.jar;C:\Users\Itai\.m2\repository\org\sonatype\sisu\sisu-guice\2.1.7\sisu-guice-2.1.7-noaop.jar;C:\Users\Itai\.m2\repository\org\apache\maven\maven-model\3.0\maven-model-3.0.jar;C:\Users\Itai\.m2\repository\org\apache\maven\maven-core\3.0\maven-core-3.0.jar;C:\Users\Itai\.m2\repository\org\apache\maven\maven-settings\3.0\maven-settings-3.0.jar;C:\Users\Itai\.m2\repository\org\apache\maven\maven-settings-builder\3.0\maven-settings-builder-3.0.jar;C:\Users\Itai\.m2\repository\org\apache\maven\maven-repository-metadata\3.0\maven-repository-metadata-3.0.jar;C:\Users\Itai\.m2\repository\org\apache\maven\maven-model-builder\3.0\maven-model-builder-3.0.jar;C:\Users\Itai\.m2\repository\org\apache\maven\maven-aether-provider\3.0\maven-aether-provider-3.0.jar;C:\Users\Itai\.m2\repository\org\sonatype\aether\aether-impl\1.7\aether-impl-1.7.jar;C:\Users\Itai\.m2\repository\org\sonatype\aether\aether-spi\1.7\aether-spi-1.7.jar;C:\Users\Itai\.m2\repository\org\sonatype\aether\aether-api\1.7\aether-api-1.7.jar;C:\Users\Itai\.m2\repository\org\sonatype\aether\aether-util\1.7\aether-util-1.7.jar;C:\Users\Itai\.m2\repository\org\codehaus\plexus\plexus-interpolation\1.14\plexus-interpolation-1.14.jar;C:\Users\Itai\.m2\repository\org\codehaus\plexus\plexus-classworlds\2.2.3\plexus-classworlds-2.2.3.jar;C:\Users\Itai\.m2\repository\org\codehaus\plexus\plexus-component-annotations\1.5.5\plexus-component-annotations-1.5.5.jar;C:\Users\Itai\.m2\repository\org\sonatype\plexus\plexus-sec-dispatcher\1.3\plexus-sec-dispatcher-1.3.jar;C:\Users\Itai\.m2\repository\org\sonatype\plexus\plexus-cipher\1.4\plexus-cipher-1.4.jar;C:\Users\Itai\.m2\repository\org\apache\maven\maven-artifact\3.0\maven-artifact-3.0.jar;C:\Users\Itai\.m2\repository\org\codehaus\plexus\plexus-utils\3.3.0\plexus-utils-3.3.0.jar;C:\Users\Itai\.m2\repository\org\apache\maven\shared\maven-artifact-transfer\0.12.0\maven-artifact-transfer-0.12.0.jar;C:\Users\Itai\.m2\repository\org\apache\maven\shared\maven-common-artifact-filters\3.0.1\maven-common-artifact-filters-3.0.1.jar;C:\Users\Itai\.m2\repository\org\apache\maven\shared\maven-shared-utils\3.1.0\maven-shared-utils-3.1.0.jar;C:\Users\Itai\.m2\repository\commons-codec\commons-codec\1.11\commons-codec-1.11.jar;C:\Users\Itai\.m2\repository\org\ow2\asm\asm\8.0\asm-8.0.jar;C:\Users\Itai\.m2\repository\org\ow2\asm\asm-commons\8.0\asm-commons-8.0.jar;C:\Users\Itai\.m2\repository\org\ow2\asm\asm-tree\8.0\asm-tree-8.0.jar;C:\Users\Itai\.m2\repository\org\ow2\asm\asm-analysis\8.0\asm-analysis-8.0.jar;C:\Users\Itai\.m2\repository\org\jdom\jdom2\2.0.6\jdom2-2.0.6.jar;C:\Users\Itai\.m2\repository\org\apache\maven\shared\maven-dependency-tree\3.0.1\maven-dependency-tree-3.0.1.jar;C:\Users\Itai\.m2\repository\org\eclipse\aether\aether-util\0.9.0.M2\aether-util-0.9.0.M2.jar;C:\Users\Itai\.m2\repository\commons-io\commons-io\2.6\commons-io-2.6.jar;C:\Users\Itai\.m2\repository\org\vafer\jdependency\2.4.0\jdependency-2.4.0.jar;C:\Users\Itai\.m2\repository\org\ow2\asm\asm-util\8.0\asm-util-8.0.jar;C:\Users\Itai\.m2\repository\org\apache\commons\commons-lang3\3.7\commons-lang3-3.7.jar;C:\Users\Itai\.m2\repository\com\amazonaws\aws-java-sdk-dynamodb\1.11.327\aws-java-sdk-dynamodb-1.11.327.jar;C:\Users\Itai\.m2\repository\com\amazonaws\aws-java-sdk-s3\1.11.327\aws-java-sdk-s3-1.11.327.jar;C:\Users\Itai\.m2\repository\com\amazonaws\aws-java-sdk-kms\1.11.327\aws-java-sdk-kms-1.11.327.jar;C:\Users\Itai\.m2\repository\com\amazonaws\aws-java-sdk-core\1.11.327\aws-java-sdk-core-1.11.327.jar;C:\Users\Itai\.m2\repository\commons-logging\commons-logging\1.1.3\commons-logging-1.1.3.jar;C:\Users\Itai\.m2\repository\org\apache\httpcomponents\httpclient\4.5.5\httpclient-4.5.5.jar;C:\Users\Itai\.m2\repository\org\apache\httpcomponents\httpcore\4.4.9\httpcore-4.4.9.jar;C:\Users\Itai\.m2\repository\software\amazon\ion\ion-java\1.0.2\ion-java-1.0.2.jar;C:\Users\Itai\.m2\repository\com\fasterxml\jackson\dataformat\jackson-dataformat-cbor\2.6.7\jackson-dataformat-cbor-2.6.7.jar;C:\Users\Itai\.m2\repository\joda-time\joda-time\2.8.1\joda-time-2.8.1.jar;C:\Users\Itai\.m2\repository\com\amazonaws\jmespath-java\1.11.327\jmespath-java-1.11.327.jar;src/test/java/;"/>
    <property name="java.vm.vendor" value="Oracle Corporation"/>
    <property name="sun.arch.data.model" value="64"/>
    <property name="user.variant" value=""/>
    <property name="java.vendor.url" value="https://java.oracle.com/"/>
    <property name="user.timezone" value="America/New_York"/>
    <property name="os.name" value="Windows 10"/>
    <property name="java.vm.specification.version" value="12"/>
    <property name="sun.java.launcher" value="SUN_STANDARD"/>
    <property name="user.country" value="US"/>
    <property name="sun.boot.library.path" value="C:\Program Files\Java\jdk-12.0.2\bin"/>
    <property name="sun.java.command" value="C:\Users\Itai\AppData\Local\Temp\surefire17456158602574951500\surefirebooter1050841126563501714.jar C:\Users\Itai\AppData\Local\Temp\surefire17456158602574951500 2020-11-01T15-29-23_074-jvmRun1 surefire16390091965356465506tmp surefire_016212917522423535486tmp"/>
    <property name="jdk.debug" value="release"/>
    <property name="surefire.test.class.path" value="C:\Users\Itai\Desktop\Programming\NCTRC\NCTRC\backend\target\test-classes;C:\Users\Itai\Desktop\Programming\NCTRC\NCTRC\backend\target\classes;C:\Users\Itai\.m2\repository\com\google\inject\guice\4.2.2\guice-4.2.2.jar;C:\Users\Itai\.m2\repository\javax\inject\javax.inject\1\javax.inject-1.jar;C:\Users\Itai\.m2\repository\aopalliance\aopalliance\1.0\aopalliance-1.0.jar;C:\Users\Itai\.m2\repository\com\google\guava\guava\25.1-android\guava-25.1-android.jar;C:\Users\Itai\.m2\repository\com\google\code\findbugs\jsr305\3.0.2\jsr305-3.0.2.jar;C:\Users\Itai\.m2\repository\org\checkerframework\checker-compat-qual\2.0.0\checker-compat-qual-2.0.0.jar;C:\Users\Itai\.m2\repository\com\google\errorprone\error_prone_annotations\2.1.3\error_prone_annotations-2.1.3.jar;C:\Users\Itai\.m2\repository\com\google\j2objc\j2objc-annotations\1.1\j2objc-annotations-1.1.jar;C:\Users\Itai\.m2\repository\org\codehaus\mojo\animal-sniffer-annotations\1.14\animal-sniffer-annotations-1.14.jar;C:\Users\Itai\.m2\repository\com\google\inject\extensions\guice-multibindings\4.2.2\guice-multibindings-4.2.2.jar;C:\Users\Itai\.m2\repository\com\google\googlejavaformat\google-java-format\1.9\google-java-format-1.9.jar;C:\Users\Itai\.m2\repository\org\junit\jupiter\junit-jupiter-engine\5.2.0\junit-jupiter-engine-5.2.0.jar;C:\Users\Itai\.m2\repository\org\apiguardian\apiguardian-api\1.0.0\apiguardian-api-1.0.0.jar;C:\Users\Itai\.m2\repository\org\junit\platform\junit-platform-engine\1.2.0\junit-platform-engine-1.2.0.jar;C:\Users\Itai\.m2\repository\org\junit\platform\junit-platform-commons\1.2.0\junit-platform-commons-1.2.0.jar;C:\Users\Itai\.m2\repository\org\opentest4j\opentest4j\1.1.0\opentest4j-1.1.0.jar;C:\Users\Itai\.m2\repository\org\junit\jupiter\junit-jupiter-api\5.2.0\junit-jupiter-api-5.2.0.jar;C:\Users\Itai\.m2\repository\org\junit\platform\junit-platform-runner\1.2.0\junit-platform-runner-1.2.0.jar;C:\Users\Itai\.m2\repository\org\junit\platform\junit-platform-launcher\1.2.0\junit-platform-launcher-1.2.0.jar;C:\Users\Itai\.m2\repository\org\junit\platform\junit-platform-suite-api\1.2.0\junit-platform-suite-api-1.2.0.jar;C:\Users\Itai\.m2\repository\junit\junit\4.12\junit-4.12.jar;C:\Users\Itai\.m2\repository\org\hamcrest\hamcrest-core\1.3\hamcrest-core-1.3.jar;C:\Users\Itai\.m2\repository\io\javalin\javalin-openapi\3.9.0\javalin-openapi-3.9.0.jar;C:\Users\Itai\.m2\repository\com\fasterxml\jackson\module\jackson-module-kotlin\2.10.3\jackson-module-kotlin-2.10.3.jar;C:\Users\Itai\.m2\repository\org\jetbrains\kotlin\kotlin-reflect\1.3.61\kotlin-reflect-1.3.61.jar;C:\Users\Itai\.m2\repository\io\swagger\core\v3\swagger-models\2.1.2\swagger-models-2.1.2.jar;C:\Users\Itai\.m2\repository\io\swagger\parser\v3\swagger-parser\2.0.19\swagger-parser-2.0.19.jar;C:\Users\Itai\.m2\repository\io\swagger\parser\v3\swagger-parser-v2-converter\2.0.19\swagger-parser-v2-converter-2.0.19.jar;C:\Users\Itai\.m2\repository\io\swagger\swagger-core\1.6.1\swagger-core-1.6.1.jar;C:\Users\Itai\.m2\repository\io\swagger\swagger-models\1.6.1\swagger-models-1.6.1.jar;C:\Users\Itai\.m2\repository\io\swagger\swagger-annotations\1.6.1\swagger-annotations-1.6.1.jar;C:\Users\Itai\.m2\repository\io\swagger\swagger-parser\1.0.50\swagger-parser-1.0.50.jar;C:\Users\Itai\.m2\repository\io\swagger\swagger-compat-spec-parser\1.0.50\swagger-compat-spec-parser-1.0.50.jar;C:\Users\Itai\.m2\repository\com\github\java-json-tools\json-schema-validator\2.2.8\json-schema-validator-2.2.8.jar;C:\Users\Itai\.m2\repository\com\github\java-json-tools\json-schema-core\1.2.8\json-schema-core-1.2.8.jar;C:\Users\Itai\.m2\repository\org\mozilla\rhino\1.7R4\rhino-1.7R4.jar;C:\Users\Itai\.m2\repository\com\github\fge\uri-template\0.9\uri-template-0.9.jar;C:\Users\Itai\.m2\repository\javax\mail\mailapi\1.4.3\mailapi-1.4.3.jar;C:\Users\Itai\.m2\repository\com\googlecode\libphonenumber\libphonenumber\8.0.0\libphonenumber-8.0.0.jar;C:\Users\Itai\.m2\repository\net\sf\jopt-simple\jopt-simple\5.0.3\jopt-simple-5.0.3.jar;C:\Users\Itai\.m2\repository\com\github\fge\json-patch\1.6\json-patch-1.6.jar;C:\Users\Itai\.m2\repository\com\github\fge\jackson-coreutils\1.6\jackson-coreutils-1.6.jar;C:\Users\Itai\.m2\repository\com\github\fge\msg-simple\1.1\msg-simple-1.1.jar;C:\Users\Itai\.m2\repository\com\github\fge\btf\1.2\btf-1.2.jar;C:\Users\Itai\.m2\repository\io\swagger\parser\v3\swagger-parser-core\2.0.19\swagger-parser-core-2.0.19.jar;C:\Users\Itai\.m2\repository\io\swagger\parser\v3\swagger-parser-v3\2.0.19\swagger-parser-v3-2.0.19.jar;C:\Users\Itai\.m2\repository\com\fasterxml\jackson\dataformat\jackson-dataformat-yaml\2.10.2\jackson-dataformat-yaml-2.10.2.jar;C:\Users\Itai\.m2\repository\org\yaml\snakeyaml\1.24\snakeyaml-1.24.jar;C:\Users\Itai\.m2\repository\org\slf4j\slf4j-ext\1.7.30\slf4j-ext-1.7.30.jar;C:\Users\Itai\.m2\repository\org\webjars\npm\redoc\2.0.0-rc.23\redoc-2.0.0-rc.23.jar;C:\Users\Itai\.m2\repository\org\webjars\swagger-ui\3.25.2\swagger-ui-3.25.2.jar;C:\Users\Itai\.m2\repository\io\github\classgraph\classgraph\4.8.66\classgraph-4.8.66.jar;C:\Users\Itai\.m2\repository\cc\vileda\kotlin-openapi3-dsl\0.20.2\kotlin-openapi3-dsl-0.20.2.jar;C:\Users\Itai\.m2\repository\com\fasterxml\jackson\module\jackson-module-jsonSchema\2.9.9\jackson-module-jsonSchema-2.9.9.jar;C:\Users\Itai\.m2\repository\javax\validation\validation-api\1.1.0.Final\validation-api-1.1.0.Final.jar;C:\Users\Itai\.m2\repository\com\fasterxml\jackson\datatype\jackson-datatype-json-org\2.9.9\jackson-datatype-json-org-2.9.9.jar;C:\Users\Itai\.m2\repository\org\json\json\20171018\json-20171018.jar;C:\Users\Itai\.m2\repository\com\reprezen\kaizen\openapi-parser\4.0.4\openapi-parser-4.0.4.jar;C:\Users\Itai\.m2\repository\com\reprezen\jsonoverlay\jsonoverlay\4.0.4\jsonoverlay-4.0.4.jar;C:\Users\Itai\.m2\repository\javax\mail\javax.mail-api\1.6.1\javax.mail-api-1.6.1.jar;C:\Users\Itai\.m2\repository\javax\activation\activation\1.1\activation-1.1.jar;C:\Users\Itai\.m2\repository\com\sun\mail\javax.mail\1.6.1\javax.mail-1.6.1.jar;C:\Users\Itai\.m2\repository\io\swagger\core\v3\swagger-core\2.0.8\swagger-core-2.0.8.jar;C:\Users\Itai\.m2\repository\javax\xml\bind\jaxb-api\2.3.0\jaxb-api-2.3.0.jar;C:\Users\Itai\.m2\repository\io\swagger\core\v3\swagger-annotations\2.0.8\swagger-annotations-2.0.8.jar;C:\Users\Itai\.m2\repository\org\jetbrains\kotlin\kotlin-stdlib-jdk8\1.3.71\kotlin-stdlib-jdk8-1.3.71.jar;C:\Users\Itai\.m2\repository\org\jetbrains\kotlin\kotlin-stdlib-jdk7\1.3.71\kotlin-stdlib-jdk7-1.3.71.jar;C:\Users\Itai\.m2\repository\io\javalin\javalin\3.10.1\javalin-3.10.1.jar;C:\Users\Itai\.m2\repository\org\slf4j\slf4j-api\1.7.30\slf4j-api-1.7.30.jar;C:\Users\Itai\.m2\repository\org\eclipse\jetty\jetty-server\9.4.31.v20200723\jetty-server-9.4.31.v20200723.jar;C:\Users\Itai\.m2\repository\javax\servlet\javax.servlet-api\3.1.0\javax.servlet-api-3.1.0.jar;C:\Users\Itai\.m2\repository\org\eclipse\jetty\jetty-http\9.4.31.v20200723\jetty-http-9.4.31.v20200723.jar;C:\Users\Itai\.m2\repository\org\eclipse\jetty\jetty-util\9.4.31.v20200723\jetty-util-9.4.31.v20200723.jar;C:\Users\Itai\.m2\repository\org\eclipse\jetty\jetty-io\9.4.31.v20200723\jetty-io-9.4.31.v20200723.jar;C:\Users\Itai\.m2\repository\org\eclipse\jetty\jetty-webapp\9.4.31.v20200723\jetty-webapp-9.4.31.v20200723.jar;C:\Users\Itai\.m2\repository\org\eclipse\jetty\jetty-xml\9.4.31.v20200723\jetty-xml-9.4.31.v20200723.jar;C:\Users\Itai\.m2\repository\org\eclipse\jetty\jetty-servlet\9.4.31.v20200723\jetty-servlet-9.4.31.v20200723.jar;C:\Users\Itai\.m2\repository\org\eclipse\jetty\jetty-security\9.4.31.v20200723\jetty-security-9.4.31.v20200723.jar;C:\Users\Itai\.m2\repository\org\eclipse\jetty\websocket\websocket-server\9.4.31.v20200723\websocket-server-9.4.31.v20200723.jar;C:\Users\Itai\.m2\repository\org\eclipse\jetty\websocket\websocket-common\9.4.31.v20200723\websocket-common-9.4.31.v20200723.jar;C:\Users\Itai\.m2\repository\org\eclipse\jetty\websocket\websocket-api\9.4.31.v20200723\websocket-api-9.4.31.v20200723.jar;C:\Users\Itai\.m2\repository\org\eclipse\jetty\websocket\websocket-client\9.4.31.v20200723\websocket-client-9.4.31.v20200723.jar;C:\Users\Itai\.m2\repository\org\eclipse\jetty\jetty-client\9.4.31.v20200723\jetty-client-9.4.31.v20200723.jar;C:\Users\Itai\.m2\repository\org\eclipse\jetty\websocket\websocket-servlet\9.4.31.v20200723\websocket-servlet-9.4.31.v20200723.jar;C:\Users\Itai\.m2\repository\org\slf4j\slf4j-simple\1.7.30\slf4j-simple-1.7.30.jar;C:\Users\Itai\.m2\repository\com\squareup\okhttp3\okhttp\4.3.0\okhttp-4.3.0.jar;C:\Users\Itai\.m2\repository\com\squareup\okio\okio\2.4.1\okio-2.4.1.jar;C:\Users\Itai\.m2\repository\org\jetbrains\kotlin\kotlin-stdlib-common\1.3.50\kotlin-stdlib-common-1.3.50.jar;C:\Users\Itai\.m2\repository\org\jetbrains\kotlin\kotlin-stdlib\1.3.61\kotlin-stdlib-1.3.61.jar;C:\Users\Itai\.m2\repository\org\jetbrains\annotations\13.0\annotations-13.0.jar;C:\Users\Itai\.m2\repository\com\squareup\moshi\moshi-adapters\1.9.2\moshi-adapters-1.9.2.jar;C:\Users\Itai\.m2\repository\com\squareup\moshi\moshi\1.9.2\moshi-1.9.2.jar;C:\Users\Itai\.m2\repository\com\fasterxml\jackson\core\jackson-databind\2.10.1\jackson-databind-2.10.1.jar;C:\Users\Itai\.m2\repository\com\fasterxml\jackson\core\jackson-annotations\2.10.1\jackson-annotations-2.10.1.jar;C:\Users\Itai\.m2\repository\com\fasterxml\jackson\core\jackson-core\2.10.1\jackson-core-2.10.1.jar;C:\Users\Itai\.m2\repository\org\apache\maven\plugins\maven-shade-plugin\3.2.4\maven-shade-plugin-3.2.4.jar;C:\Users\Itai\.m2\repository\org\apache\maven\maven-plugin-api\3.0\maven-plugin-api-3.0.jar;C:\Users\Itai\.m2\repository\org\sonatype\sisu\sisu-inject-plexus\1.4.2\sisu-inject-plexus-1.4.2.jar;C:\Users\Itai\.m2\repository\org\sonatype\sisu\sisu-inject-bean\1.4.2\sisu-inject-bean-1.4.2.jar;C:\Users\Itai\.m2\repository\org\sonatype\sisu\sisu-guice\2.1.7\sisu-guice-2.1.7-noaop.jar;C:\Users\Itai\.m2\repository\org\apache\maven\maven-model\3.0\maven-model-3.0.jar;C:\Users\Itai\.m2\repository\org\apache\maven\maven-core\3.0\maven-core-3.0.jar;C:\Users\Itai\.m2\repository\org\apache\maven\maven-settings\3.0\maven-settings-3.0.jar;C:\Users\Itai\.m2\repository\org\apache\maven\maven-settings-builder\3.0\maven-settings-builder-3.0.jar;C:\Users\Itai\.m2\repository\org\apache\maven\maven-repository-metadata\3.0\maven-repository-metadata-3.0.jar;C:\Users\Itai\.m2\repository\org\apache\maven\maven-model-builder\3.0\maven-model-builder-3.0.jar;C:\Users\Itai\.m2\repository\org\apache\maven\maven-aether-provider\3.0\maven-aether-provider-3.0.jar;C:\Users\Itai\.m2\repository\org\sonatype\aether\aether-impl\1.7\aether-impl-1.7.jar;C:\Users\Itai\.m2\repository\org\sonatype\aether\aether-spi\1.7\aether-spi-1.7.jar;C:\Users\Itai\.m2\repository\org\sonatype\aether\aether-api\1.7\aether-api-1.7.jar;C:\Users\Itai\.m2\repository\org\sonatype\aether\aether-util\1.7\aether-util-1.7.jar;C:\Users\Itai\.m2\repository\org\codehaus\plexus\plexus-interpolation\1.14\plexus-interpolation-1.14.jar;C:\Users\Itai\.m2\repository\org\codehaus\plexus\plexus-classworlds\2.2.3\plexus-classworlds-2.2.3.jar;C:\Users\Itai\.m2\repository\org\codehaus\plexus\plexus-component-annotations\1.5.5\plexus-component-annotations-1.5.5.jar;C:\Users\Itai\.m2\repository\org\sonatype\plexus\plexus-sec-dispatcher\1.3\plexus-sec-dispatcher-1.3.jar;C:\Users\Itai\.m2\repository\org\sonatype\plexus\plexus-cipher\1.4\plexus-cipher-1.4.jar;C:\Users\Itai\.m2\repository\org\apache\maven\maven-artifact\3.0\maven-artifact-3.0.jar;C:\Users\Itai\.m2\repository\org\codehaus\plexus\plexus-utils\3.3.0\plexus-utils-3.3.0.jar;C:\Users\Itai\.m2\repository\org\apache\maven\shared\maven-artifact-transfer\0.12.0\maven-artifact-transfer-0.12.0.jar;C:\Users\Itai\.m2\repository\org\apache\maven\shared\maven-common-artifact-filters\3.0.1\maven-common-artifact-filters-3.0.1.jar;C:\Users\Itai\.m2\repository\org\apache\maven\shared\maven-shared-utils\3.1.0\maven-shared-utils-3.1.0.jar;C:\Users\Itai\.m2\repository\commons-codec\commons-codec\1.11\commons-codec-1.11.jar;C:\Users\Itai\.m2\repository\org\ow2\asm\asm\8.0\asm-8.0.jar;C:\Users\Itai\.m2\repository\org\ow2\asm\asm-commons\8.0\asm-commons-8.0.jar;C:\Users\Itai\.m2\repository\org\ow2\asm\asm-tree\8.0\asm-tree-8.0.jar;C:\Users\Itai\.m2\repository\org\ow2\asm\asm-analysis\8.0\asm-analysis-8.0.jar;C:\Users\Itai\.m2\repository\org\jdom\jdom2\2.0.6\jdom2-2.0.6.jar;C:\Users\Itai\.m2\repository\org\apache\maven\shared\maven-dependency-tree\3.0.1\maven-dependency-tree-3.0.1.jar;C:\Users\Itai\.m2\repository\org\eclipse\aether\aether-util\0.9.0.M2\aether-util-0.9.0.M2.jar;C:\Users\Itai\.m2\repository\commons-io\commons-io\2.6\commons-io-2.6.jar;C:\Users\Itai\.m2\repository\org\vafer\jdependency\2.4.0\jdependency-2.4.0.jar;C:\Users\Itai\.m2\repository\org\ow2\asm\asm-util\8.0\asm-util-8.0.jar;C:\Users\Itai\.m2\repository\org\apache\commons\commons-lang3\3.7\commons-lang3-3.7.jar;C:\Users\Itai\.m2\repository\com\amazonaws\aws-java-sdk-dynamodb\1.11.327\aws-java-sdk-dynamodb-1.11.327.jar;C:\Users\Itai\.m2\repository\com\amazonaws\aws-java-sdk-s3\1.11.327\aws-java-sdk-s3-1.11.327.jar;C:\Users\Itai\.m2\repository\com\amazonaws\aws-java-sdk-kms\1.11.327\aws-java-sdk-kms-1.11.327.jar;C:\Users\Itai\.m2\repository\com\amazonaws\aws-java-sdk-core\1.11.327\aws-java-sdk-core-1.11.327.jar;C:\Users\Itai\.m2\repository\commons-logging\commons-logging\1.1.3\commons-logging-1.1.3.jar;C:\Users\Itai\.m2\repository\org\apache\httpcomponents\httpclient\4.5.5\httpclient-4.5.5.jar;C:\Users\Itai\.m2\repository\org\apache\httpcomponents\httpcore\4.4.9\httpcore-4.4.9.jar;C:\Users\Itai\.m2\repository\software\amazon\ion\ion-java\1.0.2\ion-java-1.0.2.jar;C:\Users\Itai\.m2\repository\com\fasterxml\jackson\dataformat\jackson-dataformat-cbor\2.6.7\jackson-dataformat-cbor-2.6.7.jar;C:\Users\Itai\.m2\repository\joda-time\joda-time\2.8.1\joda-time-2.8.1.jar;C:\Users\Itai\.m2\repository\com\amazonaws\jmespath-java\1.11.327\jmespath-java-1.11.327.jar;src/test/java/;"/>
    <property name="sun.cpu.endian" value="little"/>
    <property name="user.home" value="C:\Users\Itai"/>
    <property name="user.language" value="en"/>
    <property name="java.specification.vendor" value="Oracle Corporation"/>
    <property name="java.version.date" value="2019-07-16"/>
    <property name="java.home" value="C:\Program Files\Java\jdk-12.0.2"/>
    <property name="file.separator" value="\"/>
    <property name="basedir" value="C:\Users\Itai\Desktop\Programming\NCTRC\NCTRC\backend"/>
    <property name="java.vm.compressedOopsMode" value="Zero based"/>
    <property name="line.separator" value="&#10;"/>
    <property name="java.vm.specification.vendor" value="Oracle Corporation"/>
    <property name="java.specification.name" value="Java Platform API Specification"/>
    <property name="java.awt.graphicsenv" value="sun.awt.Win32GraphicsEnvironment"/>
    <property name="surefire.real.class.path" value="C:\Users\Itai\AppData\Local\Temp\surefire17456158602574951500\surefirebooter1050841126563501714.jar"/>
    <property name="user.script" value=""/>
    <property name="sun.management.compiler" value="HotSpot 64-Bit Tiered Compilers"/>
    <property name="java.runtime.version" value="12.0.2+10"/>
    <property name="user.name" value="Itai"/>
    <property name="path.separator" value=";"/>
    <property name="os.version" value="10.0"/>
    <property name="java.runtime.name" value="Java(TM) SE Runtime Environment"/>
    <property name="file.encoding" value="Cp1252"/>
    <property name="java.vm.name" value="Java HotSpot(TM) 64-Bit Server VM"/>
    <property name="localRepository" value="C:\Users\Itai\.m2\repository"/>
    <property name="java.vendor.url.bug" value="https://bugreport.java.com/bugreport/"/>
    <property name="java.io.tmpdir" value="C:\Users\Itai\AppData\Local\Temp\"/>
    <property name="java.version" value="12.0.2"/>
    <property name="user.dir" value="C:\Users\Itai\Desktop\Programming\NCTRC\NCTRC\backend"/>
    <property name="os.arch" value="amd64"/>
    <property name="java.vm.specification.name" value="Java Virtual Machine Specification"/>
    <property name="sun.os.patch.level" value=""/>
    <property name="java.library.path" value="C:\Program Files\Java\jdk-12.0.2\bin;C:\Windows\Sun\Java\bin;C:\Windows\system32;C:\Windows;C:\Program Files\Java\jdk-12.0.2\bin;C:\Program Files\Apache\apache-maven-3.6.2\bin;C:\Program Files (x86)\Razer Chroma SDK\bin;C:\Program Files\Razer Chroma SDK\bin;C:\Program Files (x86)\Razer\ChromaBroadcast\bin;C:\Program Files\Razer\ChromaBroadcast\bin;C:\Windows\system32;C:\Windows;C:\Windows\System32\Wbem;C:\Windows\System32\WindowsPowerShell\v1.0\;C:\Windows\System32\OpenSSH\;C:\Program Files\NVIDIA Corporation\NVIDIA NvDLISR;C:\Program Files (x86)\NVIDIA Corporation\PhysX\Common;C:\Windows\system32\config\systemprofile\AppData\Local\Microsoft\WindowsApps;C:\Program Files\Git\cmd;C:\FFmpeg\bin;C:\cygwin64\bin;C:\Program Files\nodejs\;C:\Users\Itai\anaconda3;C:\Users\Itai\anaconda3\Library\mingw-w64\bin;C:\Users\Itai\anaconda3\Library\usr\bin;C:\Users\Itai\anaconda3\Library\bin;C:\Users\Itai\anaconda3\Scripts;C:\Users\Itai\AppData\Local\Programs\Python\Python38\Scripts\;C:\Users\Itai\AppData\Local\Programs\Python\Python38\;C:\Users\Itai\.cargo\bin;C:\Users\Itai\.windows-build-tools\python27\;C:\Users\Itai\AppData\Local\Microsoft\WindowsApps;C:\Program Files\JetBrains\IntelliJ IDEA Community Edition 2019.2.2\bin;C:\Users\Itai\AppData\Local\Programs\Microsoft VS Code\bin;C:\Users\Itai\AppData\Roaming\npm;."/>
    <property name="java.vm.info" value="mixed mode, sharing"/>
    <property name="java.vendor" value="Oracle Corporation"/>
    <property name="java.vm.version" value="12.0.2+10"/>
    <property name="sun.io.unicode.encoding" value="UnicodeLittle"/>
    <property name="java.class.version" value="56.0"/>
  </properties>
  <testcase name="testSigninData" classname="org.nctrc.backend.managers.UserManagerTest" time="0"/>
  <testcase name="testUserManager" classname="org.nctrc.backend.managers.UserManagerTest" time="0"/>
  <testcase name="loadAndSigningUsersFromDatabase" classname="org.nctrc.backend.managers.UserManagerTest" time="0"/>
  <testcase name="testCapacity" classname="org.nctrc.backend.managers.UserManagerTest" time="0"/>
  <testcase name="testDeleteUser" classname="org.nctrc.backend.managers.UserManagerTest" time="0"/>
</testsuite>